c:\users\kgrzegorzewicz\source\repos\optymalizacjaagh\optymalizacjaagh\x64\debug\vc143.pdb
c:\users\kgrzegorzewicz\source\repos\optymalizacjaagh\optymalizacjaagh\x64\debug\vc143.idb
c:\users\kgrzegorzewicz\source\repos\optymalizacjaagh\optymalizacjaagh\x64\debug\user_funs.obj
c:\users\kgrzegorzewicz\source\repos\optymalizacjaagh\optymalizacjaagh\x64\debug\solution.obj
c:\users\kgrzegorzewicz\source\repos\optymalizacjaagh\optymalizacjaagh\x64\debug\opt_alg.obj
c:\users\kgrzegorzewicz\source\repos\optymalizacjaagh\optymalizacjaagh\x64\debug\ode_solver.obj
c:\users\kgrzegorzewicz\source\repos\optymalizacjaagh\optymalizacjaagh\x64\debug\matrix.obj
c:\users\kgrzegorzewicz\source\repos\optymalizacjaagh\optymalizacjaagh\x64\debug\main.obj
c:\users\kgrzegorzewicz\source\repos\optymalizacjaagh\x64\debug\optymalizacjaagh.exe
c:\users\kgrzegorzewicz\source\repos\optymalizacjaagh\x64\debug\optymalizacjaagh.pdb
e:\users\adawoja2\source\repos\optymalizacjaagh\optymalizacjaagh\x64\debug\main.obj
e:\users\adawoja2\source\repos\optymalizacjaagh\optymalizacjaagh\x64\debug\matrix.obj
e:\users\adawoja2\source\repos\optymalizacjaagh\optymalizacjaagh\x64\debug\ode_solver.obj
e:\users\adawoja2\source\repos\optymalizacjaagh\optymalizacjaagh\x64\debug\opt_alg.obj
e:\users\adawoja2\source\repos\optymalizacjaagh\optymalizacjaagh\x64\debug\solution.obj
e:\users\adawoja2\source\repos\optymalizacjaagh\optymalizacjaagh\x64\debug\user_funs.obj
e:\users\adawoja2\source\repos\optymalizacjaagh\optymalizacjaagh\x64\debug\optymalizacjaagh.ilk
e:\users\adawoja2\source\repos\optymalizacjaagh\optymalizacjaagh\x64\debug\vc142.idb
e:\users\adawoja2\source\repos\optymalizacjaagh\optymalizacjaagh\x64\debug\vc143.idb
e:\users\adawoja2\source\repos\optymalizacjaagh\optymalizacjaagh\x64\debug\vc142.pdb
e:\users\adawoja2\source\repos\optymalizacjaagh\optymalizacjaagh\x64\debug\vc143.pdb
e:\users\adawoja2\source\repos\optymalizacjaagh\x64\debug\optymalizacjaagh.pdb
e:\users\adawoja2\source\repos\optymalizacjaagh\x64\debug\optymalizacjaagh.exe
e:\users\adawoja2\source\repos\optymalizacjaagh\optymalizacjaagh\x64\debug\optymalizacjaagh.tlog\cl.command.1.tlog
e:\users\adawoja2\source\repos\optymalizacjaagh\optymalizacjaagh\x64\debug\optymalizacjaagh.tlog\cl.items.tlog
e:\users\adawoja2\source\repos\optymalizacjaagh\optymalizacjaagh\x64\debug\optymalizacjaagh.tlog\cl.read.1.tlog
e:\users\adawoja2\source\repos\optymalizacjaagh\optymalizacjaagh\x64\debug\optymalizacjaagh.tlog\cl.write.1.tlog
e:\users\adawoja2\source\repos\optymalizacjaagh\optymalizacjaagh\x64\debug\optymalizacjaagh.tlog\link.command.1.tlog
e:\users\adawoja2\source\repos\optymalizacjaagh\optymalizacjaagh\x64\debug\optymalizacjaagh.tlog\link.read.1.tlog
e:\users\adawoja2\source\repos\optymalizacjaagh\optymalizacjaagh\x64\debug\optymalizacjaagh.tlog\link.secondary.1.tlog
e:\users\adawoja2\source\repos\optymalizacjaagh\optymalizacjaagh\x64\debug\optymalizacjaagh.tlog\link.write.1.tlog
